android/app/build/intermediates/manifest_merge_blame_file/debug/manifest-merger-blame-debug-report.txt
1<?xml version="1.0" encoding="utf-8"?>
2<manifest xmlns:android="http://schemas.android.com/apk/res/android"
3    package="com.example.note_share_project"
4    android:versionCode="1"
5    android:versionName="1.0.0" >
6
7    <uses-sdk
8        android:minSdkVersion="21"
9        android:targetSdkVersion="34" />
10    <!--
11         The INTERNET permission is required for development. Specifically,
12         the Flutter tool needs it to communicate with the running application
13         to allow setting breakpoints, to provide hot reload, etc.
14    -->
15    <uses-permission android:name="android.permission.INTERNET" />
15-->src\main\AndroidManifest.xml:5:5-66
15-->src\main\AndroidManifest.xml:5:22-64
16    <uses-permission android:name="android.permission.ACCESS_NETWORK_STATE" />
16-->src\main\AndroidManifest.xml:6:5-78
16-->src\main\AndroidManifest.xml:6:22-76
17    <!--
18 Required to query activities that can process text, see:
19         https://developer.android.com/training/package-visibility?hl=en and
20         https://developer.android.com/reference/android/content/Intent#ACTION_PROCESS_TEXT.
21
22         In particular, this is used by the Flutter engine in io.flutter.plugin.text.ProcessTextPlugin.
23    -->
24    <queries>
24-->src\main\AndroidManifest.xml:57:5-62:15
25        <intent>
25-->src\main\AndroidManifest.xml:58:9-61:18
26            <action android:name="android.intent.action.PROCESS_TEXT" />
26-->src\main\AndroidManifest.xml:59:13-72
26-->src\main\AndroidManifest.xml:59:21-70
27
28            <data android:mimeType="text/plain" />
28-->src\main\AndroidManifest.xml:60:13-50
28-->src\main\AndroidManifest.xml:60:19-48
29        </intent>
30        <intent>
30-->[:file_picker] AndroidManifest.xml:14:9-18:18
31            <action android:name="android.intent.action.GET_CONTENT" />
31-->[:file_picker] AndroidManifest.xml:15:13-72
31-->[:file_picker] AndroidManifest.xml:15:21-69
32
33            <data android:mimeType="*/*" />
33-->src\main\AndroidManifest.xml:60:13-50
33-->src\main\AndroidManifest.xml:60:19-48
34        </intent>
35    </queries>
36
37    <uses-permission
37-->[:file_picker] AndroidManifest.xml:9:5-11:38
38        android:name="android.permission.READ_EXTERNAL_STORAGE"
38-->[:file_picker] AndroidManifest.xml:10:9-64
39        android:maxSdkVersion="32" />
39-->[:file_picker] AndroidManifest.xml:11:9-35
40    <uses-permission android:name="android.permission.WAKE_LOCK" /> <!-- Permissions options for the `notification` group -->
40-->[:firebase_messaging] AndroidManifest.xml:10:5-68
40-->[:firebase_messaging] AndroidManifest.xml:10:22-65
41    <uses-permission android:name="android.permission.POST_NOTIFICATIONS" /> <!-- Required by older versions of Google Play services to create IID tokens -->
41-->[:firebase_messaging] AndroidManifest.xml:13:5-77
41-->[:firebase_messaging] AndroidManifest.xml:13:22-74
42    <uses-permission android:name="com.google.android.c2dm.permission.RECEIVE" />
42-->[com.google.firebase:firebase-messaging:23.4.1] AndroidManifest.xml:26:5-82
42-->[com.google.firebase:firebase-messaging:23.4.1] AndroidManifest.xml:26:22-79
43    <uses-permission android:name="com.google.android.providers.gsf.permission.READ_GSERVICES" />
43-->[com.google.android.recaptcha:recaptcha:18.4.0] AndroidManifest.xml:9:5-98
43-->[com.google.android.recaptcha:recaptcha:18.4.0] AndroidManifest.xml:9:22-95
44
45    <permission
45-->[androidx.core:core:1.10.1] AndroidManifest.xml:22:5-24:47
46        android:name="com.example.note_share_project.DYNAMIC_RECEIVER_NOT_EXPORTED_PERMISSION"
46-->[androidx.core:core:1.10.1] AndroidManifest.xml:23:9-81
47        android:protectionLevel="signature" />
47-->[androidx.core:core:1.10.1] AndroidManifest.xml:24:9-44
48
49    <uses-permission android:name="com.example.note_share_project.DYNAMIC_RECEIVER_NOT_EXPORTED_PERMISSION" />
49-->[androidx.core:core:1.10.1] AndroidManifest.xml:26:5-97
49-->[androidx.core:core:1.10.1] AndroidManifest.xml:26:22-94
50
51    <application
52        android:name="android.app.Application"
53        android:appComponentFactory="androidx.core.app.CoreComponentFactory"
53-->[androidx.core:core:1.10.1] AndroidManifest.xml:28:18-86
54        android:debuggable="true"
55        android:icon="@mipmap/ic_launcher"
56        android:label="note_share_project" >
57
58        <!-- Firebase için gerekli meta veriler -->
59        <meta-data
60            android:name="com.google.firebase.messaging.default_notification_icon"
61            android:resource="@mipmap/ic_launcher" />
62        <meta-data
63            android:name="com.google.firebase.messaging.default_notification_color"
64            android:resource="@color/colorAccent" />
65        <meta-data
66            android:name="com.google.android.gms.version"
67            android:value="@integer/google_play_services_version" />
68
69        <activity
70            android:name="com.example.note_share_project.MainActivity"
71            android:configChanges="orientation|keyboardHidden|keyboard|screenSize|smallestScreenSize|locale|layoutDirection|fontScale|screenLayout|density|uiMode"
72            android:exported="true"
73            android:hardwareAccelerated="true"
74            android:launchMode="singleTop"
75            android:theme="@style/LaunchTheme"
76            android:windowSoftInputMode="adjustResize" >
77
78            <!--
79                 Specifies an Android theme to apply to this Activity as soon as
80                 the Android process has started. This theme is visible to the user
81                 while the Flutter UI initializes. After that, this theme continues
82                 to determine the Window background behind the Flutter UI.
83            -->
84            <meta-data
85                android:name="io.flutter.embedding.android.NormalTheme"
86                android:resource="@style/NormalTheme" />
87
88            <intent-filter>
89                <action android:name="android.intent.action.MAIN" />
90
91                <category android:name="android.intent.category.LAUNCHER" />
92            </intent-filter>
93        </activity>
94        <!--
95             Don't delete the meta-data below.
96             This is used by the Flutter tool to generate GeneratedPluginRegistrant.java
97        -->
98        <meta-data
99            android:name="flutterEmbedding"
100            android:value="2" />
101
102        <service
102-->[:cloud_firestore] AndroidManifest.xml:10:9-14:19
103            android:name="com.google.firebase.components.ComponentDiscoveryService"
103-->[:cloud_firestore] AndroidManifest.xml:10:18-89
104            android:directBootAware="true"
104-->[com.google.firebase:firebase-common:20.4.3] AndroidManifest.xml:32:13-43
105            android:exported="false" >
105-->[com.google.firebase:firebase-auth:22.3.1] AndroidManifest.xml:68:13-37
106            <meta-data
106-->[:cloud_firestore] AndroidManifest.xml:11:13-13:85
107                android:name="com.google.firebase.components:io.flutter.plugins.firebase.firestore.FlutterFirebaseFirestoreRegistrar"
107-->[:cloud_firestore] AndroidManifest.xml:12:17-134
108                android:value="com.google.firebase.components.ComponentRegistrar" />
108-->[:cloud_firestore] AndroidManifest.xml:13:17-82
109            <meta-data
109-->[:firebase_app_installations] AndroidManifest.xml:11:13-13:85
110                android:name="com.google.firebase.components:io.flutter.plugins.firebase.installations.firebase_app_installations.FlutterFirebaseAppRegistrar"
110-->[:firebase_app_installations] AndroidManifest.xml:12:17-159
111                android:value="com.google.firebase.components.ComponentRegistrar" />
111-->[:firebase_app_installations] AndroidManifest.xml:13:17-82
112            <meta-data
112-->[:firebase_auth] AndroidManifest.xml:11:13-13:85
113                android:name="com.google.firebase.components:io.flutter.plugins.firebase.auth.FlutterFirebaseAuthRegistrar"
113-->[:firebase_auth] AndroidManifest.xml:12:17-124
114                android:value="com.google.firebase.components.ComponentRegistrar" />
114-->[:firebase_auth] AndroidManifest.xml:13:17-82
115            <meta-data
115-->[:firebase_messaging] AndroidManifest.xml:38:13-40:85
116                android:name="com.google.firebase.components:io.flutter.plugins.firebase.messaging.FlutterFirebaseAppRegistrar"
116-->[:firebase_messaging] AndroidManifest.xml:39:17-128
117                android:value="com.google.firebase.components.ComponentRegistrar" />
117-->[:firebase_messaging] AndroidManifest.xml:40:17-82
118            <meta-data
118-->[:firebase_storage] AndroidManifest.xml:11:13-13:85
119                android:name="com.google.firebase.components:io.flutter.plugins.firebase.storage.FlutterFirebaseAppRegistrar"
119-->[:firebase_storage] AndroidManifest.xml:12:17-126
120                android:value="com.google.firebase.components.ComponentRegistrar" />
120-->[:firebase_storage] AndroidManifest.xml:13:17-82
121            <meta-data
121-->[:firebase_core] AndroidManifest.xml:11:13-13:85
122                android:name="com.google.firebase.components:io.flutter.plugins.firebase.core.FlutterFirebaseCoreRegistrar"
122-->[:firebase_core] AndroidManifest.xml:12:17-124
123                android:value="com.google.firebase.components.ComponentRegistrar" />
123-->[:firebase_core] AndroidManifest.xml:13:17-82
124            <meta-data
124-->[com.google.firebase:firebase-auth:22.3.1] AndroidManifest.xml:69:13-71:85
125                android:name="com.google.firebase.components:com.google.firebase.auth.FirebaseAuthRegistrar"
125-->[com.google.firebase:firebase-auth:22.3.1] AndroidManifest.xml:70:17-109
126                android:value="com.google.firebase.components.ComponentRegistrar" />
126-->[com.google.firebase:firebase-auth:22.3.1] AndroidManifest.xml:71:17-82
127            <meta-data
127-->[com.google.firebase:firebase-firestore:24.11.0] AndroidManifest.xml:17:13-19:85
128                android:name="com.google.firebase.components:com.google.firebase.firestore.FirebaseFirestoreKtxRegistrar"
128-->[com.google.firebase:firebase-firestore:24.11.0] AndroidManifest.xml:18:17-122
129                android:value="com.google.firebase.components.ComponentRegistrar" />
129-->[com.google.firebase:firebase-firestore:24.11.0] AndroidManifest.xml:19:17-82
130            <meta-data
130-->[com.google.firebase:firebase-firestore:24.11.0] AndroidManifest.xml:20:13-22:85
131                android:name="com.google.firebase.components:com.google.firebase.firestore.FirestoreRegistrar"
131-->[com.google.firebase:firebase-firestore:24.11.0] AndroidManifest.xml:21:17-111
132                android:value="com.google.firebase.components.ComponentRegistrar" />
132-->[com.google.firebase:firebase-firestore:24.11.0] AndroidManifest.xml:22:17-82
133            <meta-data
133-->[com.google.firebase:firebase-messaging:23.4.1] AndroidManifest.xml:57:13-59:85
134                android:name="com.google.firebase.components:com.google.firebase.messaging.FirebaseMessagingKtxRegistrar"
134-->[com.google.firebase:firebase-messaging:23.4.1] AndroidManifest.xml:58:17-122
135                android:value="com.google.firebase.components.ComponentRegistrar" />
135-->[com.google.firebase:firebase-messaging:23.4.1] AndroidManifest.xml:59:17-82
136            <meta-data
136-->[com.google.firebase:firebase-messaging:23.4.1] AndroidManifest.xml:60:13-62:85
137                android:name="com.google.firebase.components:com.google.firebase.messaging.FirebaseMessagingRegistrar"
137-->[com.google.firebase:firebase-messaging:23.4.1] AndroidManifest.xml:61:17-119
138                android:value="com.google.firebase.components.ComponentRegistrar" />
138-->[com.google.firebase:firebase-messaging:23.4.1] AndroidManifest.xml:62:17-82
139            <meta-data
139-->[com.google.firebase:firebase-storage:20.3.0] AndroidManifest.xml:30:13-32:85
140                android:name="com.google.firebase.components:com.google.firebase.storage.FirebaseStorageKtxRegistrar"
140-->[com.google.firebase:firebase-storage:20.3.0] AndroidManifest.xml:31:17-118
141                android:value="com.google.firebase.components.ComponentRegistrar" />
141-->[com.google.firebase:firebase-storage:20.3.0] AndroidManifest.xml:32:17-82
142            <meta-data
142-->[com.google.firebase:firebase-storage:20.3.0] AndroidManifest.xml:33:13-35:85
143                android:name="com.google.firebase.components:com.google.firebase.storage.StorageRegistrar"
143-->[com.google.firebase:firebase-storage:20.3.0] AndroidManifest.xml:34:17-107
144                android:value="com.google.firebase.components.ComponentRegistrar" />
144-->[com.google.firebase:firebase-storage:20.3.0] AndroidManifest.xml:35:17-82
145            <meta-data
145-->[com.google.firebase:firebase-installations:17.2.0] AndroidManifest.xml:15:13-17:85
146                android:name="com.google.firebase.components:com.google.firebase.installations.FirebaseInstallationsKtxRegistrar"
146-->[com.google.firebase:firebase-installations:17.2.0] AndroidManifest.xml:16:17-130
147                android:value="com.google.firebase.components.ComponentRegistrar" />
147-->[com.google.firebase:firebase-installations:17.2.0] AndroidManifest.xml:17:17-82
148            <meta-data
148-->[com.google.firebase:firebase-installations:17.2.0] AndroidManifest.xml:18:13-20:85
149                android:name="com.google.firebase.components:com.google.firebase.installations.FirebaseInstallationsRegistrar"
149-->[com.google.firebase:firebase-installations:17.2.0] AndroidManifest.xml:19:17-127
150                android:value="com.google.firebase.components.ComponentRegistrar" />
150-->[com.google.firebase:firebase-installations:17.2.0] AndroidManifest.xml:20:17-82
151            <meta-data
151-->[com.google.firebase:firebase-appcheck:17.1.2] AndroidManifest.xml:25:13-27:85
152                android:name="com.google.firebase.components:com.google.firebase.appcheck.FirebaseAppCheckKtxRegistrar"
152-->[com.google.firebase:firebase-appcheck:17.1.2] AndroidManifest.xml:26:17-120
153                android:value="com.google.firebase.components.ComponentRegistrar" />
153-->[com.google.firebase:firebase-appcheck:17.1.2] AndroidManifest.xml:27:17-82
154            <meta-data
154-->[com.google.firebase:firebase-appcheck:17.1.2] AndroidManifest.xml:28:13-30:85
155                android:name="com.google.firebase.components:com.google.firebase.appcheck.FirebaseAppCheckRegistrar"
155-->[com.google.firebase:firebase-appcheck:17.1.2] AndroidManifest.xml:29:17-117
156                android:value="com.google.firebase.components.ComponentRegistrar" />
156-->[com.google.firebase:firebase-appcheck:17.1.2] AndroidManifest.xml:30:17-82
157            <meta-data
157-->[com.google.firebase:firebase-common-ktx:20.4.3] AndroidManifest.xml:12:13-14:85
158                android:name="com.google.firebase.components:com.google.firebase.ktx.FirebaseCommonLegacyRegistrar"
158-->[com.google.firebase:firebase-common-ktx:20.4.3] AndroidManifest.xml:13:17-116
159                android:value="com.google.firebase.components.ComponentRegistrar" />
159-->[com.google.firebase:firebase-common-ktx:20.4.3] AndroidManifest.xml:14:17-82
160            <meta-data
160-->[com.google.firebase:firebase-common:20.4.3] AndroidManifest.xml:35:13-37:85
161                android:name="com.google.firebase.components:com.google.firebase.FirebaseCommonKtxRegistrar"
161-->[com.google.firebase:firebase-common:20.4.3] AndroidManifest.xml:36:17-109
162                android:value="com.google.firebase.components.ComponentRegistrar" />
162-->[com.google.firebase:firebase-common:20.4.3] AndroidManifest.xml:37:17-82
163            <meta-data
163-->[com.google.firebase:firebase-datatransport:18.1.7] AndroidManifest.xml:27:13-29:85
164                android:name="com.google.firebase.components:com.google.firebase.datatransport.TransportRegistrar"
164-->[com.google.firebase:firebase-datatransport:18.1.7] AndroidManifest.xml:28:17-115
165                android:value="com.google.firebase.components.ComponentRegistrar" />
165-->[com.google.firebase:firebase-datatransport:18.1.7] AndroidManifest.xml:29:17-82
166        </service>
167        <service
167-->[:firebase_messaging] AndroidManifest.xml:16:9-19:72
168            android:name="io.flutter.plugins.firebase.messaging.FlutterFirebaseMessagingBackgroundService"
168-->[:firebase_messaging] AndroidManifest.xml:17:13-107
169            android:exported="false"
169-->[:firebase_messaging] AndroidManifest.xml:18:13-37
170            android:permission="android.permission.BIND_JOB_SERVICE" />
170-->[:firebase_messaging] AndroidManifest.xml:19:13-69
171        <service
171-->[:firebase_messaging] AndroidManifest.xml:20:9-26:19
172            android:name="io.flutter.plugins.firebase.messaging.FlutterFirebaseMessagingService"
172-->[:firebase_messaging] AndroidManifest.xml:21:13-97
173            android:exported="false" >
173-->[:firebase_messaging] AndroidManifest.xml:22:13-37
174            <intent-filter>
174-->[:firebase_messaging] AndroidManifest.xml:23:13-25:29
175                <action android:name="com.google.firebase.MESSAGING_EVENT" />
175-->[:firebase_messaging] AndroidManifest.xml:24:17-78
175-->[:firebase_messaging] AndroidManifest.xml:24:25-75
176            </intent-filter>
177        </service>
178
179        <receiver
179-->[:firebase_messaging] AndroidManifest.xml:28:9-35:20
180            android:name="io.flutter.plugins.firebase.messaging.FlutterFirebaseMessagingReceiver"
180-->[:firebase_messaging] AndroidManifest.xml:29:13-98
181            android:exported="true"
181-->[:firebase_messaging] AndroidManifest.xml:30:13-36
182            android:permission="com.google.android.c2dm.permission.SEND" >
182-->[:firebase_messaging] AndroidManifest.xml:31:13-73
183            <intent-filter>
183-->[:firebase_messaging] AndroidManifest.xml:32:13-34:29
184                <action android:name="com.google.android.c2dm.intent.RECEIVE" />
184-->[:firebase_messaging] AndroidManifest.xml:33:17-81
184-->[:firebase_messaging] AndroidManifest.xml:33:25-78
185            </intent-filter>
186        </receiver>
187
188        <provider
188-->[:firebase_messaging] AndroidManifest.xml:43:9-47:38
189            android:name="io.flutter.plugins.firebase.messaging.FlutterFirebaseMessagingInitProvider"
189-->[:firebase_messaging] AndroidManifest.xml:44:13-102
190            android:authorities="com.example.note_share_project.flutterfirebasemessaginginitprovider"
190-->[:firebase_messaging] AndroidManifest.xml:45:13-88
191            android:exported="false"
191-->[:firebase_messaging] AndroidManifest.xml:46:13-37
192            android:initOrder="99" />
192-->[:firebase_messaging] AndroidManifest.xml:47:13-35
193
194        <activity
194-->[:url_launcher_android] AndroidManifest.xml:10:9-13:74
195            android:name="io.flutter.plugins.urllauncher.WebViewActivity"
195-->[:url_launcher_android] AndroidManifest.xml:11:13-74
196            android:exported="false"
196-->[:url_launcher_android] AndroidManifest.xml:12:13-37
197            android:theme="@android:style/Theme.NoTitleBar.Fullscreen" />
197-->[:url_launcher_android] AndroidManifest.xml:13:13-71
198        <activity
198-->[com.google.firebase:firebase-auth:22.3.1] AndroidManifest.xml:29:9-46:20
199            android:name="com.google.firebase.auth.internal.GenericIdpActivity"
199-->[com.google.firebase:firebase-auth:22.3.1] AndroidManifest.xml:30:13-80
200            android:excludeFromRecents="true"
200-->[com.google.firebase:firebase-auth:22.3.1] AndroidManifest.xml:31:13-46
201            android:exported="true"
201-->[com.google.firebase:firebase-auth:22.3.1] AndroidManifest.xml:32:13-36
202            android:launchMode="singleTask"
202-->[com.google.firebase:firebase-auth:22.3.1] AndroidManifest.xml:33:13-44
203            android:theme="@android:style/Theme.Translucent.NoTitleBar" >
203-->[com.google.firebase:firebase-auth:22.3.1] AndroidManifest.xml:34:13-72
204            <intent-filter>
204-->[com.google.firebase:firebase-auth:22.3.1] AndroidManifest.xml:35:13-45:29
205                <action android:name="android.intent.action.VIEW" />
205-->[com.google.firebase:firebase-auth:22.3.1] AndroidManifest.xml:36:17-69
205-->[com.google.firebase:firebase-auth:22.3.1] AndroidManifest.xml:36:25-66
206
207                <category android:name="android.intent.category.DEFAULT" />
207-->[com.google.firebase:firebase-auth:22.3.1] AndroidManifest.xml:38:17-76
207-->[com.google.firebase:firebase-auth:22.3.1] AndroidManifest.xml:38:27-73
208                <category android:name="android.intent.category.BROWSABLE" />
208-->[com.google.firebase:firebase-auth:22.3.1] AndroidManifest.xml:39:17-78
208-->[com.google.firebase:firebase-auth:22.3.1] AndroidManifest.xml:39:27-75
209
210                <data
210-->src\main\AndroidManifest.xml:60:13-50
211                    android:host="firebase.auth"
212                    android:path="/"
213                    android:scheme="genericidp" />
214            </intent-filter>
215        </activity>
216        <activity
216-->[com.google.firebase:firebase-auth:22.3.1] AndroidManifest.xml:47:9-64:20
217            android:name="com.google.firebase.auth.internal.RecaptchaActivity"
217-->[com.google.firebase:firebase-auth:22.3.1] AndroidManifest.xml:48:13-79
218            android:excludeFromRecents="true"
218-->[com.google.firebase:firebase-auth:22.3.1] AndroidManifest.xml:49:13-46
219            android:exported="true"
219-->[com.google.firebase:firebase-auth:22.3.1] AndroidManifest.xml:50:13-36
220            android:launchMode="singleTask"
220-->[com.google.firebase:firebase-auth:22.3.1] AndroidManifest.xml:51:13-44
221            android:theme="@android:style/Theme.Translucent.NoTitleBar" >
221-->[com.google.firebase:firebase-auth:22.3.1] AndroidManifest.xml:52:13-72
222            <intent-filter>
222-->[com.google.firebase:firebase-auth:22.3.1] AndroidManifest.xml:53:13-63:29
223                <action android:name="android.intent.action.VIEW" />
223-->[com.google.firebase:firebase-auth:22.3.1] AndroidManifest.xml:36:17-69
223-->[com.google.firebase:firebase-auth:22.3.1] AndroidManifest.xml:36:25-66
224
225                <category android:name="android.intent.category.DEFAULT" />
225-->[com.google.firebase:firebase-auth:22.3.1] AndroidManifest.xml:38:17-76
225-->[com.google.firebase:firebase-auth:22.3.1] AndroidManifest.xml:38:27-73
226                <category android:name="android.intent.category.BROWSABLE" />
226-->[com.google.firebase:firebase-auth:22.3.1] AndroidManifest.xml:39:17-78
226-->[com.google.firebase:firebase-auth:22.3.1] AndroidManifest.xml:39:27-75
227
228                <data
228-->src\main\AndroidManifest.xml:60:13-50
229                    android:host="firebase.auth"
230                    android:path="/"
231                    android:scheme="recaptcha" />
232            </intent-filter>
233        </activity>
234
235        <receiver
235-->[com.google.firebase:firebase-messaging:23.4.1] AndroidManifest.xml:29:9-40:20
236            android:name="com.google.firebase.iid.FirebaseInstanceIdReceiver"
236-->[com.google.firebase:firebase-messaging:23.4.1] AndroidManifest.xml:30:13-78
237            android:exported="true"
237-->[com.google.firebase:firebase-messaging:23.4.1] AndroidManifest.xml:31:13-36
238            android:permission="com.google.android.c2dm.permission.SEND" >
238-->[com.google.firebase:firebase-messaging:23.4.1] AndroidManifest.xml:32:13-73
239            <intent-filter>
239-->[:firebase_messaging] AndroidManifest.xml:32:13-34:29
240                <action android:name="com.google.android.c2dm.intent.RECEIVE" />
240-->[:firebase_messaging] AndroidManifest.xml:33:17-81
240-->[:firebase_messaging] AndroidManifest.xml:33:25-78
241            </intent-filter>
242
243            <meta-data
243-->[com.google.firebase:firebase-messaging:23.4.1] AndroidManifest.xml:37:13-39:40
244                android:name="com.google.android.gms.cloudmessaging.FINISHED_AFTER_HANDLED"
244-->[com.google.firebase:firebase-messaging:23.4.1] AndroidManifest.xml:38:17-92
245                android:value="true" />
245-->[com.google.firebase:firebase-messaging:23.4.1] AndroidManifest.xml:39:17-37
246        </receiver>
247        <!--
248             FirebaseMessagingService performs security checks at runtime,
249             but set to not exported to explicitly avoid allowing another app to call it.
250        -->
251        <service
251-->[com.google.firebase:firebase-messaging:23.4.1] AndroidManifest.xml:46:9-53:19
252            android:name="com.google.firebase.messaging.FirebaseMessagingService"
252-->[com.google.firebase:firebase-messaging:23.4.1] AndroidManifest.xml:47:13-82
253            android:directBootAware="true"
253-->[com.google.firebase:firebase-messaging:23.4.1] AndroidManifest.xml:48:13-43
254            android:exported="false" >
254-->[com.google.firebase:firebase-messaging:23.4.1] AndroidManifest.xml:49:13-37
255            <intent-filter android:priority="-500" >
255-->[:firebase_messaging] AndroidManifest.xml:23:13-25:29
256                <action android:name="com.google.firebase.MESSAGING_EVENT" />
256-->[:firebase_messaging] AndroidManifest.xml:24:17-78
256-->[:firebase_messaging] AndroidManifest.xml:24:25-75
257            </intent-filter>
258        </service>
259
260        <provider
260-->[com.google.firebase:firebase-common:20.4.3] AndroidManifest.xml:23:9-28:39
261            android:name="com.google.firebase.provider.FirebaseInitProvider"
261-->[com.google.firebase:firebase-common:20.4.3] AndroidManifest.xml:24:13-77
262            android:authorities="com.example.note_share_project.firebaseinitprovider"
262-->[com.google.firebase:firebase-common:20.4.3] AndroidManifest.xml:25:13-72
263            android:directBootAware="true"
263-->[com.google.firebase:firebase-common:20.4.3] AndroidManifest.xml:26:13-43
264            android:exported="false"
264-->[com.google.firebase:firebase-common:20.4.3] AndroidManifest.xml:27:13-37
265            android:initOrder="100" />
265-->[com.google.firebase:firebase-common:20.4.3] AndroidManifest.xml:28:13-36
266
267        <uses-library
267-->[androidx.window:window:1.0.0-beta04] AndroidManifest.xml:25:9-27:40
268            android:name="androidx.window.extensions"
268-->[androidx.window:window:1.0.0-beta04] AndroidManifest.xml:26:13-54
269            android:required="false" />
269-->[androidx.window:window:1.0.0-beta04] AndroidManifest.xml:27:13-37
270        <uses-library
270-->[androidx.window:window:1.0.0-beta04] AndroidManifest.xml:28:9-30:40
271            android:name="androidx.window.sidecar"
271-->[androidx.window:window:1.0.0-beta04] AndroidManifest.xml:29:13-51
272            android:required="false" />
272-->[androidx.window:window:1.0.0-beta04] AndroidManifest.xml:30:13-37
273
274        <activity
274-->[com.google.android.gms:play-services-auth:21.0.0] AndroidManifest.xml:23:9-27:75
275            android:name="com.google.android.gms.auth.api.signin.internal.SignInHubActivity"
275-->[com.google.android.gms:play-services-auth:21.0.0] AndroidManifest.xml:24:13-93
276            android:excludeFromRecents="true"
276-->[com.google.android.gms:play-services-auth:21.0.0] AndroidManifest.xml:25:13-46
277            android:exported="false"
277-->[com.google.android.gms:play-services-auth:21.0.0] AndroidManifest.xml:26:13-37
278            android:theme="@android:style/Theme.Translucent.NoTitleBar" />
278-->[com.google.android.gms:play-services-auth:21.0.0] AndroidManifest.xml:27:13-72
279        <!--
280            Service handling Google Sign-In user revocation. For apps that do not integrate with
281            Google Sign-In, this service will never be started.
282        -->
283        <service
283-->[com.google.android.gms:play-services-auth:21.0.0] AndroidManifest.xml:33:9-37:51
284            android:name="com.google.android.gms.auth.api.signin.RevocationBoundService"
284-->[com.google.android.gms:play-services-auth:21.0.0] AndroidManifest.xml:34:13-89
285            android:exported="true"
285-->[com.google.android.gms:play-services-auth:21.0.0] AndroidManifest.xml:35:13-36
286            android:permission="com.google.android.gms.auth.api.signin.permission.REVOCATION_NOTIFICATION"
286-->[com.google.android.gms:play-services-auth:21.0.0] AndroidManifest.xml:36:13-107
287            android:visibleToInstantApps="true" />
287-->[com.google.android.gms:play-services-auth:21.0.0] AndroidManifest.xml:37:13-48
288
289        <activity
289-->[com.google.android.gms:play-services-base:18.1.0] AndroidManifest.xml:20:9-22:45
290            android:name="com.google.android.gms.common.api.GoogleApiActivity"
290-->[com.google.android.gms:play-services-base:18.1.0] AndroidManifest.xml:20:19-85
291            android:exported="false"
291-->[com.google.android.gms:play-services-base:18.1.0] AndroidManifest.xml:22:19-43
292            android:theme="@android:style/Theme.Translucent.NoTitleBar" />
292-->[com.google.android.gms:play-services-base:18.1.0] AndroidManifest.xml:21:19-78
293
294        <service
294-->[com.google.android.datatransport:transport-backend-cct:3.1.8] AndroidManifest.xml:28:9-34:19
295            android:name="com.google.android.datatransport.runtime.backends.TransportBackendDiscovery"
295-->[com.google.android.datatransport:transport-backend-cct:3.1.8] AndroidManifest.xml:29:13-103
296            android:exported="false" >
296-->[com.google.android.datatransport:transport-backend-cct:3.1.8] AndroidManifest.xml:30:13-37
297            <meta-data
297-->[com.google.android.datatransport:transport-backend-cct:3.1.8] AndroidManifest.xml:31:13-33:39
298                android:name="backend:com.google.android.datatransport.cct.CctBackendFactory"
298-->[com.google.android.datatransport:transport-backend-cct:3.1.8] AndroidManifest.xml:32:17-94